<?xml version="1.0" encoding="UTF-8"?>
<!-- Generated by org.testng.reporters.JUnitReportReporter -->
<testsuite hostname="LTIN568258" failures="0" tests="1" name="testRunner.testRunner" time="13.841" errors="0" timestamp="2025-07-12T23:47:55 IST" skipped="0">
  <testcase classname="testRunner.testRunner" name="runScenario" time="13.841"/>
</testsuite> <!-- testRunner.testRunner -->
