<?xml version="1.0" encoding="UTF-8"?>
<!-- Generated by org.testng.reporters.JUnitReportReporter -->
<testsuite hostname="LTIN568258" failures="0" tests="13" name="testRunner.TestNGTestRunner" time="214.341" errors="0" timestamp="2025-07-21T23:17:22 IST" skipped="0">
  <testcase classname="testRunner.TestNGTestRunner" name="runScenario" time="11.599"/>
  <testcase classname="testRunner.TestNGTestRunner" name="runScenario" time="9.915"/>
  <testcase classname="testRunner.TestNGTestRunner" name="runScenario" time="12.235"/>
  <testcase classname="testRunner.TestNGTestRunner" name="runScenario" time="9.797"/>
  <testcase classname="testRunner.TestNGTestRunner" name="runScenario" time="13.049"/>
  <testcase classname="testRunner.TestNGTestRunner" name="runScenario" time="15.058"/>
  <testcase classname="testRunner.TestNGTestRunner" name="runScenario" time="8.172"/>
  <testcase classname="testRunner.TestNGTestRunner" name="runScenario" time="16.600"/>
  <testcase classname="testRunner.TestNGTestRunner" name="runScenario" time="15.668"/>
  <testcase classname="testRunner.TestNGTestRunner" name="runScenario" time="14.246"/>
  <testcase classname="testRunner.TestNGTestRunner" name="runScenario" time="29.524"/>
  <testcase classname="testRunner.TestNGTestRunner" name="runScenario" time="32.710"/>
  <testcase classname="testRunner.TestNGTestRunner" name="runScenario" time="25.768"/>
</testsuite> <!-- testRunner.TestNGTestRunner -->
